durability: 16 exp type: dblp-line
load tables from /usr/project/xtmp/jygao/DBLP/inproceedings_aggregate_year.txt
total records: 17716758/17716758
load tables from /usr/project/xtmp/jygao/DBLP/inproceedings_aggregate_year.txt
total records: 17716758/17716758
load tables from /usr/project/xtmp/jygao/DBLP/inproceedings_aggregate_year.txt
total records: 17716758/17716758
filtered table size : 844
indexing time: 0.006335
query time: 0.015462
total time usage: 0.021797
previous answer size: 1228
answer size: 384 time usage: 0.02781 filter time: 0.704658
===round 1===
join attrs:1,
union attrs:1,2,
using sort-merge join
intermediate result size: 988
===round 2===
join attrs:2,
union attrs:1,2,
intermediate result size: 1228
intermediate result size: 1228
previous answer size: 1228
ground truth size: 384 time usage: 0.023956 filter time: 0.704658
size difference: 320/320
durability: 14 exp type: dblp-line
load tables from /usr/project/xtmp/jygao/DBLP/inproceedings_aggregate_year.txt
total records: 17716758/17716758
load tables from /usr/project/xtmp/jygao/DBLP/inproceedings_aggregate_year.txt
total records: 17716758/17716758
load tables from /usr/project/xtmp/jygao/DBLP/inproceedings_aggregate_year.txt
total records: 17716758/17716758
filtered table size : 1838
indexing time: 0.014561
query time: 0.038993
total time usage: 0.053554
previous answer size: 3270
answer size: 1432 time usage: 0.068079 filter time: 0.760411
===round 1===
join attrs:1,
union attrs:1,2,
using sort-merge join
intermediate result size: 2312
===round 2===
join attrs:2,
union attrs:1,2,
intermediate result size: 3270
intermediate result size: 3270
previous answer size: 3270
ground truth size: 1432 time usage: 0.06264 filter time: 0.760411
size difference: 1212/1212
durability: 12 exp type: dblp-line
load tables from /usr/project/xtmp/jygao/DBLP/inproceedings_aggregate_year.txt
total records: 17716758/17716758
load tables from /usr/project/xtmp/jygao/DBLP/inproceedings_aggregate_year.txt
total records: 17716758/17716758
load tables from /usr/project/xtmp/jygao/DBLP/inproceedings_aggregate_year.txt
total records: 17716758/17716758
filtered table size : 3872
indexing time: 0.031742
query time: 0.090953
total time usage: 0.122695
previous answer size: 7920
answer size: 4048 time usage: 0.154842 filter time: 0.758628
===round 1===
join attrs:1,
union attrs:1,2,
using sort-merge join
intermediate result size: 5124
===round 2===
join attrs:2,
union attrs:1,2,
intermediate result size: 7920
intermediate result size: 7920
previous answer size: 7920
ground truth size: 4048 time usage: 0.145002 filter time: 0.758628
size difference: 3548/3548
durability: 10 exp type: dblp-line
load tables from /usr/project/xtmp/jygao/DBLP/inproceedings_aggregate_year.txt
total records: 17716758/17716758
load tables from /usr/project/xtmp/jygao/DBLP/inproceedings_aggregate_year.txt
total records: 17716758/17716758
load tables from /usr/project/xtmp/jygao/DBLP/inproceedings_aggregate_year.txt
total records: 17716758/17716758
filtered table size : 8742
indexing time: 0.071263
query time: 0.24377
total time usage: 0.315033
previous answer size: 22126
answer size: 13384 time usage: 0.388465 filter time: 0.829087
===round 1===
join attrs:1,
union attrs:1,2,
using sort-merge join
intermediate result size: 12912
===round 2===
join attrs:2,
union attrs:1,2,
intermediate result size: 22126
intermediate result size: 22126
previous answer size: 22126
ground truth size: 13384 time usage: 0.391988 filter time: 0.829087
size difference: 11804/11804
durability: 8 exp type: dblp-line
load tables from /usr/project/xtmp/jygao/DBLP/inproceedings_aggregate_year.txt
total records: 17716758/17716758
load tables from /usr/project/xtmp/jygao/DBLP/inproceedings_aggregate_year.txt
total records: 17716758/17716758
load tables from /usr/project/xtmp/jygao/DBLP/inproceedings_aggregate_year.txt
total records: 17716758/17716758
filtered table size : 22350
indexing time: 0.175087
query time: 0.801056
total time usage: 0.976143
previous answer size: 90170
answer size: 67820 time usage: 1.17045 filter time: 0.883008
===round 1===
join attrs:1,
union attrs:1,2,
using sort-merge join
intermediate result size: 39432
===round 2===
join attrs:2,
union attrs:1,2,
intermediate result size: 90170
intermediate result size: 90170
previous answer size: 90170
ground truth size: 67820 time usage: 1.30329 filter time: 0.883008
size difference: 61120/61120
durability: 6 exp type: dblp-line
load tables from /usr/project/xtmp/jygao/DBLP/inproceedings_aggregate_year.txt
total records: 17716758/17716758
load tables from /usr/project/xtmp/jygao/DBLP/inproceedings_aggregate_year.txt
total records: 17716758/17716758
load tables from /usr/project/xtmp/jygao/DBLP/inproceedings_aggregate_year.txt
total records: 17716758/17716758
filtered table size : 69020
indexing time: 0.514719
query time: 3.04264
total time usage: 3.55735
previous answer size: 366274
answer size: 297254 time usage: 4.17422 filter time: 1.23067
===round 1===
join attrs:1,
union attrs:1,2,
using sort-merge join
intermediate result size: 145794
===round 2===
join attrs:2,
union attrs:1,2,
intermediate result size: 366274
intermediate result size: 366274
previous answer size: 366274
ground truth size: 297254 time usage: 5.29265 filter time: 1.23067
size difference: 269714/269714
durability: 4 exp type: dblp-line
load tables from /usr/project/xtmp/jygao/DBLP/inproceedings_aggregate_year.txt
total records: 17716758/17716758
load tables from /usr/project/xtmp/jygao/DBLP/inproceedings_aggregate_year.txt
total records: 17716758/17716758
load tables from /usr/project/xtmp/jygao/DBLP/inproceedings_aggregate_year.txt
total records: 17716758/17716758
filtered table size : 294946
indexing time: 1.82219
query time: 20.6972
total time usage: 22.5194
previous answer size: 3272216
answer size: 2977270 time usage: 25.1656 filter time: 2.57886
===round 1===
join attrs:1,
union attrs:1,2,
using sort-merge join
intermediate result size: 888030
===round 2===
join attrs:2,
union attrs:1,2,
intermediate result size: 3272216
intermediate result size: 3272216
previous answer size: 3272216
ground truth size: 2977270 time usage: 37.9021 filter time: 2.57886
size difference: 2764958/2764958
