durability: 16 exp type: dblp-line
load tables from /usr/project/xtmp/jygao/DBLP/inproceedings_aggregate_year.txt
total records: 15602800/15602800
load tables from /usr/project/xtmp/jygao/DBLP/inproceedings_aggregate_year.txt
total records: 15602800/15602800
load tables from /usr/project/xtmp/jygao/DBLP/inproceedings_aggregate_year.txt
total records: 15602800/15602800
filtered table size : 150
indexing time: 0.000837
query time: 0.003345
total time usage: 0.004182
previous answer size: 490
answer size: 340 time usage: 0.547762
===round 1===
join attrs:1,
union attrs:1,2,
using temporal join
===round 2===
join attrs:2,
union attrs:1,2,
previous answer size: 490
ground truth size: 340 time usage: 0.55497
size difference: 292/292
durability: 14 exp type: dblp-line
load tables from /usr/project/xtmp/jygao/DBLP/inproceedings_aggregate_year.txt
total records: 15602800/15602800
load tables from /usr/project/xtmp/jygao/DBLP/inproceedings_aggregate_year.txt
total records: 15602800/15602800
load tables from /usr/project/xtmp/jygao/DBLP/inproceedings_aggregate_year.txt
total records: 15602800/15602800
filtered table size : 328
indexing time: 0.002023
query time: 0.00634
total time usage: 0.008363
previous answer size: 746
answer size: 418 time usage: 0.556614
===round 1===
join attrs:1,
union attrs:1,2,
using temporal join
===round 2===
join attrs:2,
union attrs:1,2,
previous answer size: 746
ground truth size: 418 time usage: 0.571002
size difference: 358/358
durability: 12 exp type: dblp-line
load tables from /usr/project/xtmp/jygao/DBLP/inproceedings_aggregate_year.txt
total records: 15602800/15602800
load tables from /usr/project/xtmp/jygao/DBLP/inproceedings_aggregate_year.txt
total records: 15602800/15602800
load tables from /usr/project/xtmp/jygao/DBLP/inproceedings_aggregate_year.txt
total records: 15602800/15602800
filtered table size : 802
indexing time: 0.004924
query time: 0.034296
total time usage: 0.03922
previous answer size: 6378
answer size: 5576 time usage: 0.616561
===round 1===
join attrs:1,
union attrs:1,2,
using temporal join
===round 2===
join attrs:2,
union attrs:1,2,
previous answer size: 6378
ground truth size: 5576 time usage: 0.698873
size difference: 5096/5096
durability: 10 exp type: dblp-line
load tables from /usr/project/xtmp/jygao/DBLP/inproceedings_aggregate_year.txt
total records: 15602800/15602800
load tables from /usr/project/xtmp/jygao/DBLP/inproceedings_aggregate_year.txt
total records: 15602800/15602800
load tables from /usr/project/xtmp/jygao/DBLP/inproceedings_aggregate_year.txt
total records: 15602800/15602800
filtered table size : 2008
indexing time: 0.012898
query time: 0.090397
total time usage: 0.103295
previous answer size: 16192
answer size: 14184 time usage: 0.752661
===round 1===
join attrs:1,
union attrs:1,2,
using temporal join
===round 2===
join attrs:2,
union attrs:1,2,
previous answer size: 16192
ground truth size: 14184 time usage: 0.98415
size difference: 13084/13084
durability: 8 exp type: dblp-line
load tables from /usr/project/xtmp/jygao/DBLP/inproceedings_aggregate_year.txt
total records: 15602800/15602800
load tables from /usr/project/xtmp/jygao/DBLP/inproceedings_aggregate_year.txt
total records: 15602800/15602800
load tables from /usr/project/xtmp/jygao/DBLP/inproceedings_aggregate_year.txt
total records: 15602800/15602800
filtered table size : 5586
indexing time: 0.034916
query time: 0.466782
total time usage: 0.501698
previous answer size: 93412
answer size: 87826 time usage: 1.58718
===round 1===
join attrs:1,
union attrs:1,2,
using temporal join
===round 2===
join attrs:2,
union attrs:1,2,
previous answer size: 93412
ground truth size: 87826 time usage: 2.95677
size difference: 82226/82226
durability: 6 exp type: dblp-line
load tables from /usr/project/xtmp/jygao/DBLP/inproceedings_aggregate_year.txt
total records: 15602800/15602800
load tables from /usr/project/xtmp/jygao/DBLP/inproceedings_aggregate_year.txt
total records: 15602800/15602800
load tables from /usr/project/xtmp/jygao/DBLP/inproceedings_aggregate_year.txt
total records: 15602800/15602800
filtered table size : 17364
indexing time: 0.105762
query time: 4.19169
total time usage: 4.29745
previous answer size: 1002562
answer size: 985198 time usage: 10.6295
===round 1===
join attrs:1,
union attrs:1,2,
using temporal join
===round 2===
join attrs:2,
union attrs:1,2,
previous answer size: 1002562
ground truth size: 985198 time usage: 25.4103
size difference: 949726/949726
