durability: 16 exp type: dblp-line
load tables from /usr/project/xtmp/jygao/DBLP/inproceedings_aggregate_year.txt
total records: 17716758/17716758
load tables from /usr/project/xtmp/jygao/DBLP/inproceedings_aggregate_year.txt
total records: 17716758/17716758
load tables from /usr/project/xtmp/jygao/DBLP/inproceedings_aggregate_year.txt
total records: 17716758/17716758
filtered table size : 844
indexing time: 0.005895
query time: 0.014992
total time usage: 0.020887
previous answer size: 1228
answer size: 384 time usage: 0.026673 filter time: 0.725614
===round 1===
join attrs:1,
union attrs:1,2,
using sort-merge join
===round 2===
join attrs:2,
union attrs:1,2,
previous answer size: 1228
ground truth size: 384 time usage: 0.023998 filter time: 0.725614
size difference: 320/320
durability: 14 exp type: dblp-line
load tables from /usr/project/xtmp/jygao/DBLP/inproceedings_aggregate_year.txt
total records: 17716758/17716758
load tables from /usr/project/xtmp/jygao/DBLP/inproceedings_aggregate_year.txt
total records: 17716758/17716758
load tables from /usr/project/xtmp/jygao/DBLP/inproceedings_aggregate_year.txt
total records: 17716758/17716758
filtered table size : 1838
indexing time: 0.013026
query time: 0.037324
total time usage: 0.05035
previous answer size: 3270
answer size: 1432 time usage: 0.063529 filter time: 0.718051
===round 1===
join attrs:1,
union attrs:1,2,
using sort-merge join
===round 2===
join attrs:2,
union attrs:1,2,
previous answer size: 3270
ground truth size: 1432 time usage: 0.060906 filter time: 0.718051
size difference: 1212/1212
durability: 12 exp type: dblp-line
load tables from /usr/project/xtmp/jygao/DBLP/inproceedings_aggregate_year.txt
total records: 17716758/17716758
load tables from /usr/project/xtmp/jygao/DBLP/inproceedings_aggregate_year.txt
total records: 17716758/17716758
load tables from /usr/project/xtmp/jygao/DBLP/inproceedings_aggregate_year.txt
total records: 17716758/17716758
filtered table size : 3872
indexing time: 0.028646
query time: 0.099563
total time usage: 0.128209
previous answer size: 7920
answer size: 4048 time usage: 0.157721 filter time: 0.729938
===round 1===
join attrs:1,
union attrs:1,2,
using sort-merge join
===round 2===
join attrs:2,
union attrs:1,2,
previous answer size: 7920
ground truth size: 4048 time usage: 0.143617 filter time: 0.729938
size difference: 3548/3548
durability: 10 exp type: dblp-line
load tables from /usr/project/xtmp/jygao/DBLP/inproceedings_aggregate_year.txt
total records: 17716758/17716758
load tables from /usr/project/xtmp/jygao/DBLP/inproceedings_aggregate_year.txt
total records: 17716758/17716758
load tables from /usr/project/xtmp/jygao/DBLP/inproceedings_aggregate_year.txt
total records: 17716758/17716758
filtered table size : 8742
indexing time: 0.065677
query time: 0.23104
total time usage: 0.296717
previous answer size: 22126
answer size: 13384 time usage: 0.364296 filter time: 0.769966
===round 1===
join attrs:1,
union attrs:1,2,
using sort-merge join
===round 2===
join attrs:2,
union attrs:1,2,
previous answer size: 22126
ground truth size: 13384 time usage: 0.382452 filter time: 0.769966
size difference: 11804/11804
durability: 8 exp type: dblp-line
load tables from /usr/project/xtmp/jygao/DBLP/inproceedings_aggregate_year.txt
total records: 17716758/17716758
load tables from /usr/project/xtmp/jygao/DBLP/inproceedings_aggregate_year.txt
total records: 17716758/17716758
load tables from /usr/project/xtmp/jygao/DBLP/inproceedings_aggregate_year.txt
total records: 17716758/17716758
filtered table size : 22350
indexing time: 0.160704
query time: 0.765769
total time usage: 0.926473
previous answer size: 90170
answer size: 67820 time usage: 1.10853 filter time: 0.86587
===round 1===
join attrs:1,
union attrs:1,2,
using sort-merge join
===round 2===
join attrs:2,
union attrs:1,2,
previous answer size: 90170
ground truth size: 67820 time usage: 1.28245 filter time: 0.86587
size difference: 61120/61120
durability: 6 exp type: dblp-line
load tables from /usr/project/xtmp/jygao/DBLP/inproceedings_aggregate_year.txt
total records: 17716758/17716758
load tables from /usr/project/xtmp/jygao/DBLP/inproceedings_aggregate_year.txt
total records: 17716758/17716758
load tables from /usr/project/xtmp/jygao/DBLP/inproceedings_aggregate_year.txt
total records: 17716758/17716758
filtered table size : 69020
indexing time: 0.496801
query time: 2.92085
total time usage: 3.41765
previous answer size: 366274
answer size: 297254 time usage: 4.00731 filter time: 1.1659
===round 1===
join attrs:1,
union attrs:1,2,
using sort-merge join
===round 2===
join attrs:2,
union attrs:1,2,
previous answer size: 366274
ground truth size: 297254 time usage: 5.18981 filter time: 1.1659
size difference: 269714/269714
durability: 4 exp type: dblp-line
load tables from /usr/project/xtmp/jygao/DBLP/inproceedings_aggregate_year.txt
total records: 17716758/17716758
load tables from /usr/project/xtmp/jygao/DBLP/inproceedings_aggregate_year.txt
total records: 17716758/17716758
load tables from /usr/project/xtmp/jygao/DBLP/inproceedings_aggregate_year.txt
total records: 17716758/17716758
filtered table size : 294946
indexing time: 1.7444
query time: 20.4248
total time usage: 22.1692
previous answer size: 3272216
answer size: 2977270 time usage: 24.8014 filter time: 2.59892
===round 1===
join attrs:1,
union attrs:1,2,
using sort-merge join
===round 2===
join attrs:2,
union attrs:1,2,
previous answer size: 3272216
ground truth size: 2977270 time usage: 36.5064 filter time: 2.59892
size difference: 2764958/2764958
durability: 2 exp type: dblp-line
load tables from /usr/project/xtmp/jygao/DBLP/inproceedings_aggregate_year.txt
total records: 17716758/17716758
load tables from /usr/project/xtmp/jygao/DBLP/inproceedings_aggregate_year.txt
total records: 17716758/17716758
load tables from /usr/project/xtmp/jygao/DBLP/inproceedings_aggregate_year.txt
total records: 17716758/17716758
filtered table size : 2390712
indexing time: 9.91905
query time: 541.204
total time usage: 551.123
previous answer size: 124975058
Killed
slurmstepd-linux16: error: Step 800745.4294967294 hit memory limit at least once during execution. This may or may not result in some failure.
