durability: 16 exp type: dblp-star-k
load tables from /usr/project/xtmp/jygao/DBLP/inproceedings_aggregate_year.txt
total records: 15602800/15602800
load tables from /usr/project/xtmp/jygao/DBLP/inproceedings_aggregate_year.txt
total records: 15602800/15602800
load tables from /usr/project/xtmp/jygao/DBLP/inproceedings_aggregate_year.txt
total records: 15602800/15602800
load tables from /usr/project/xtmp/jygao/DBLP/inproceedings_aggregate_year.txt
total records: 15602800/15602800
load tables from /usr/project/xtmp/jygao/DBLP/inproceedings_aggregate_year.txt
total records: 15602800/15602800
load tables from /usr/project/xtmp/jygao/DBLP/inproceedings_aggregate_year.txt
total records: 15602800/15602800
load join tree structure from /home/home1/jygao/workspace/DurableJoin/join_tree_6_star_join.dat
30 (0,)
10 (0,1,)
0 (0,1,)
15 (0,2,)
1 (0,2,)
20 (0,3,)
2 (0,3,)
25 (0,4,)
3 (0,4,)
26 (0,5,)
4 (0,5,)
27 (0,6,)
5 (0,6,)
Done. Release memory...900 900
enum/output/sorting/update/delete time usage: 0.017255/0.163092/0.007333/0.015151/0.020851
total time usage: 0.216349
previous answer size: 21044
answer size: 0 time usage: 0.231507 filter time: 1.0905
===round 1===
join attrs:0,
union attrs:0,1,2,
using sort-merge join
===round 2===
join attrs:0,
union attrs:0,1,2,3,
===round 3===
join attrs:0,
union attrs:0,1,2,3,4,
===round 4===
join attrs:0,
union attrs:0,1,2,3,4,5,
===round 5===
join attrs:0,
union attrs:0,1,2,3,4,5,6,
previous answer size: 21044
ground truth size: 0 time usage: 0.143044 filter time: 1.0905
size difference: 0/0
durability: 14 exp type: dblp-star-k
load tables from /usr/project/xtmp/jygao/DBLP/inproceedings_aggregate_year.txt
total records: 15602800/15602800
load tables from /usr/project/xtmp/jygao/DBLP/inproceedings_aggregate_year.txt
total records: 15602800/15602800
load tables from /usr/project/xtmp/jygao/DBLP/inproceedings_aggregate_year.txt
total records: 15602800/15602800
load tables from /usr/project/xtmp/jygao/DBLP/inproceedings_aggregate_year.txt
total records: 15602800/15602800
load join tree structure from /home/home1/jygao/workspace/DurableJoin/join_tree_4_star_join.dat
30 (0,)
10 (0,1,)
0 (0,1,)
15 (0,2,)
1 (0,2,)
20 (0,3,)
2 (0,3,)
25 (0,4,)
3 (0,4,)
Done. Release memory...1312 1312
enum/output/sorting/update/delete time usage: 0.021781/0.020877/0.011297/0.022195/0.02902
total time usage: 0.093873
previous answer size: 1918
answer size: 120 time usage: 0.116187 filter time: 0.72816
===round 1===
join attrs:0,
union attrs:0,1,2,
using sort-merge join
===round 2===
join attrs:0,
union attrs:0,1,2,3,
===round 3===
join attrs:0,
union attrs:0,1,2,3,4,
previous answer size: 1918
ground truth size: 120 time usage: 0.018702 filter time: 0.72816
size difference: 5/5
durability: 12 exp type: dblp-star-k
load tables from /usr/project/xtmp/jygao/DBLP/inproceedings_aggregate_year.txt
slurmstepd-linux12: error: *** JOB 800278 ON linux12 CANCELLED AT 2020-10-27T00:13:46 ***
