durability: 16 exp type: dblp-star
load tables from /usr/project/xtmp/jygao/DBLP/inproceedings_aggregate_year.txt
total records: 17716758/17716758
load tables from /usr/project/xtmp/jygao/DBLP/inproceedings_aggregate_year.txt
total records: 17716758/17716758
load tables from /usr/project/xtmp/jygao/DBLP/inproceedings_aggregate_year.txt
total records: 17716758/17716758
load join tree structure from /home/home1/jygao/workspace/DurableJoin/join_tree_star_join.dat
30 (0,)
10 (0,1,)
0 (0,1,)
15 (0,2,)
1 (0,2,)
20 (0,3,)
2 (0,3,)
Done. Release memory...2532 2532
enum/output/sorting/update/delete time usage: 0.044575/0.021656/0.024018/0.049323/0.04443
count time usage: 0.000611
join size count: 1300
total time usage: 0.159984
previous answer size: 1300
answer size: 24 time usage: 0.205186 filter time: 0.709429
===round 1===
join attrs:0,
union attrs:0,1,2,
using sort-merge join
===round 2===
join attrs:0,
union attrs:0,1,2,3,
max intermediate result size: 1300
previous answer size: 1300
ground truth size: 24 time usage: 0.022266 filter time: 0.709429
size difference: 4/4
durability: 14 exp type: dblp-star
load tables from /usr/project/xtmp/jygao/DBLP/inproceedings_aggregate_year.txt
total records: 17716758/17716758
load tables from /usr/project/xtmp/jygao/DBLP/inproceedings_aggregate_year.txt
total records: 17716758/17716758
load tables from /usr/project/xtmp/jygao/DBLP/inproceedings_aggregate_year.txt
total records: 17716758/17716758
load join tree structure from /home/home1/jygao/workspace/DurableJoin/join_tree_star_join.dat
30 (0,)
10 (0,1,)
0 (0,1,)
15 (0,2,)
1 (0,2,)
20 (0,3,)
2 (0,3,)
Done. Release memory...5514 5514
enum/output/sorting/update/delete time usage: 0.105581/0.051983/0.058395/0.108981/0.102587
count time usage: 0.001289
join size count: 3458
total time usage: 0.369132
previous answer size: 3458
answer size: 198 time usage: 0.474195 filter time: 0.715569
===round 1===
join attrs:0,
union attrs:0,1,2,
using sort-merge join
===round 2===
join attrs:0,
union attrs:0,1,2,3,
max intermediate result size: 3458
previous answer size: 3458
ground truth size: 198 time usage: 0.054415 filter time: 0.715569
size difference: 33/33
durability: 12 exp type: dblp-star
load tables from /usr/project/xtmp/jygao/DBLP/inproceedings_aggregate_year.txt
total records: 17716758/17716758
load tables from /usr/project/xtmp/jygao/DBLP/inproceedings_aggregate_year.txt
total records: 17716758/17716758
load tables from /usr/project/xtmp/jygao/DBLP/inproceedings_aggregate_year.txt
total records: 17716758/17716758
load join tree structure from /home/home1/jygao/workspace/DurableJoin/join_tree_star_join.dat
30 (0,)
10 (0,1,)
0 (0,1,)
15 (0,2,)
1 (0,2,)
20 (0,3,)
2 (0,3,)
Done. Release memory...11616 11616
enum/output/sorting/update/delete time usage: 0.240244/0.123189/0.137872/0.238014/0.230366
count time usage: 0.002723
join size count: 8588
total time usage: 0.831813
previous answer size: 8588
answer size: 960 time usage: 1.07487 filter time: 0.732934
===round 1===
join attrs:0,
union attrs:0,1,2,
using sort-merge join
===round 2===
join attrs:0,
union attrs:0,1,2,3,
max intermediate result size: 8588
previous answer size: 8588
ground truth size: 960 time usage: 0.133626 filter time: 0.732934
size difference: 160/160
durability: 10 exp type: dblp-star
load tables from /usr/project/xtmp/jygao/DBLP/inproceedings_aggregate_year.txt
total records: 17716758/17716758
load tables from /usr/project/xtmp/jygao/DBLP/inproceedings_aggregate_year.txt
total records: 17716758/17716758
load tables from /usr/project/xtmp/jygao/DBLP/inproceedings_aggregate_year.txt
total records: 17716758/17716758
load join tree structure from /home/home1/jygao/workspace/DurableJoin/join_tree_star_join.dat
30 (0,)
10 (0,1,)
0 (0,1,)
15 (0,2,)
1 (0,2,)
20 (0,3,)
2 (0,3,)
Done. Release memory...26226 26226
enum/output/sorting/update/delete time usage: 0.622868/0.328653/0.352809/0.579985/0.542499
count time usage: 0.00659
join size count: 25230
total time usage: 2.07401
previous answer size: 25230
answer size: 3978 time usage: 2.66493 filter time: 0.770445
===round 1===
join attrs:0,
union attrs:0,1,2,
using sort-merge join
===round 2===
join attrs:0,
union attrs:0,1,2,3,
max intermediate result size: 25230
previous answer size: 25230
ground truth size: 3978 time usage: 0.345181 filter time: 0.770445
size difference: 663/663
durability: 8 exp type: dblp-star
load tables from /usr/project/xtmp/jygao/DBLP/inproceedings_aggregate_year.txt
total records: 17716758/17716758
load tables from /usr/project/xtmp/jygao/DBLP/inproceedings_aggregate_year.txt
total records: 17716758/17716758
load tables from /usr/project/xtmp/jygao/DBLP/inproceedings_aggregate_year.txt
total records: 17716758/17716758
load join tree structure from /home/home1/jygao/workspace/DurableJoin/join_tree_star_join.dat
30 (0,)
10 (0,1,)
0 (0,1,)
15 (0,2,)
1 (0,2,)
20 (0,3,)
2 (0,3,)
Done. Release memory...67050 67050
enum/output/sorting/update/delete time usage: 1.80718/1.15168/0.999923/1.59071/1.50349
count time usage: 0.019983
join size count: 105426
total time usage: 6.05306
previous answer size: 105426
answer size: 31830 time usage: 7.77431 filter time: 0.859235
===round 1===
join attrs:0,
union attrs:0,1,2,
using sort-merge join
===round 2===
join attrs:0,
union attrs:0,1,2,3,
max intermediate result size: 105426
previous answer size: 105426
ground truth size: 31830 time usage: 1.23912 filter time: 0.859235
size difference: 5305/5305
durability: 6 exp type: dblp-star
load tables from /usr/project/xtmp/jygao/DBLP/inproceedings_aggregate_year.txt
total records: 17716758/17716758
load tables from /usr/project/xtmp/jygao/DBLP/inproceedings_aggregate_year.txt
total records: 17716758/17716758
load tables from /usr/project/xtmp/jygao/DBLP/inproceedings_aggregate_year.txt
total records: 17716758/17716758
load join tree structure from /home/home1/jygao/workspace/DurableJoin/join_tree_star_join.dat
30 (0,)
10 (0,1,)
0 (0,1,)
15 (0,2,)
1 (0,2,)
20 (0,3,)
2 (0,3,)
Done. Release memory...207060 207060
enum/output/sorting/update/delete time usage: 6.25621/4.65321/3.44132/4.96269/4.75804
count time usage: 0.061818
join size count: 472712
total time usage: 20.6302
previous answer size: 472712
answer size: 173370 time usage: 26.1993 filter time: 1.17769
===round 1===
join attrs:0,
union attrs:0,1,2,
using sort-merge join
===round 2===
join attrs:0,
union attrs:0,1,2,3,
max intermediate result size: 472712
previous answer size: 472712
ground truth size: 173370 time usage: 5.22185 filter time: 1.17769
size difference: 28895/28895
durability: 4 exp type: dblp-star
load tables from /usr/project/xtmp/jygao/DBLP/inproceedings_aggregate_year.txt
total records: 17716758/17716758
load tables from /usr/project/xtmp/jygao/DBLP/inproceedings_aggregate_year.txt
total records: 17716758/17716758
load tables from /usr/project/xtmp/jygao/DBLP/inproceedings_aggregate_year.txt
total records: 17716758/17716758
load join tree structure from /home/home1/jygao/workspace/DurableJoin/join_tree_star_join.dat
30 (0,)
10 (0,1,)
0 (0,1,)
15 (0,2,)
1 (0,2,)
20 (0,3,)
2 (0,3,)
Done. Release memory...884838 884838
enum/output/sorting/update/delete time usage: 34.2391/37.5311/16.8697/23.0992/21.9052
count time usage: 0.320984
join size count: 4544104
total time usage: 116.775
previous answer size: 4544104
answer size: 2469906 time usage: 142.577 filter time: 2.61999
===round 1===
join attrs:0,
union attrs:0,1,2,
using sort-merge join
===round 2===
join attrs:0,
union attrs:0,1,2,3,
max intermediate result size: 4544104
previous answer size: 4544104
ground truth size: 2469906 time usage: 45.2707 filter time: 2.61999
size difference: 411651/411651
