durability: 16 exp type: dblp-line-k
load tables from /usr/project/xtmp/jygao/DBLP/inproceedings_aggregate_year.txt
total records: 17716758/17716758
load tables from /usr/project/xtmp/jygao/DBLP/inproceedings_aggregate_year.txt
total records: 17716758/17716758
load tables from /usr/project/xtmp/jygao/DBLP/inproceedings_aggregate_year.txt
total records: 17716758/17716758
load tables from /usr/project/xtmp/jygao/DBLP/inproceedings_aggregate_year.txt
total records: 17716758/17716758
load tables from /usr/project/xtmp/jygao/DBLP/inproceedings_aggregate_year.txt
total records: 17716758/17716758
load tables from /usr/project/xtmp/jygao/DBLP/inproceedings_aggregate_year.txt
total records: 17716758/17716758
===round 1===
join attrs:1,
union attrs:1,2,
using sort-merge join
intermediate result size: 988
intermediate result size: 988
===round 1===
join attrs:3,
union attrs:2,3,4,
using sort-merge join
intermediate result size: 988
intermediate result size: 988
===round 1===
join attrs:5,
union attrs:4,5,
using sort-merge join
intermediate result size: 988
intermediate result size: 988
988 988 988
1,2,
2,3,4,
4,5,
2,
4,
indexing time: 0.004819
1,2,
2,3,4,
4,5,
1,2,3,4,5,
query time: 0.030396
total time usage: 0.035215
time usage: 0.067336
previous answer size: 4468
answer size: 336 time usage: 0.070961 filter time: 1.00721
===round 1===
join attrs:1,
union attrs:1,2,
using sort-merge join
intermediate result size: 988
===round 2===
join attrs:2,
union attrs:1,2,3,
intermediate result size: 1228
===round 3===
join attrs:3,
union attrs:1,2,3,4,
intermediate result size: 1732
===round 4===
join attrs:4,
union attrs:1,2,3,4,5,
intermediate result size: 2620
===round 5===
join attrs:5,
union attrs:1,2,3,4,5,
intermediate result size: 4468
intermediate result size: 4468
previous answer size: 4468
ground truth size: 336 time usage: 0.066403 filter time: 1.00721
size difference: 20/20
durability: 14 exp type: dblp-line-k
load tables from /usr/project/xtmp/jygao/DBLP/inproceedings_aggregate_year.txt
total records: 17716758/17716758
load tables from /usr/project/xtmp/jygao/DBLP/inproceedings_aggregate_year.txt
total records: 17716758/17716758
load tables from /usr/project/xtmp/jygao/DBLP/inproceedings_aggregate_year.txt
total records: 17716758/17716758
load tables from /usr/project/xtmp/jygao/DBLP/inproceedings_aggregate_year.txt
total records: 17716758/17716758
load tables from /usr/project/xtmp/jygao/DBLP/inproceedings_aggregate_year.txt
total records: 17716758/17716758
load tables from /usr/project/xtmp/jygao/DBLP/inproceedings_aggregate_year.txt
total records: 17716758/17716758
===round 1===
join attrs:1,
union attrs:1,2,
using sort-merge join
intermediate result size: 2312
intermediate result size: 2312
===round 1===
join attrs:3,
union attrs:2,3,4,
using sort-merge join
intermediate result size: 2312
intermediate result size: 2312
===round 1===
join attrs:5,
union attrs:4,5,
using sort-merge join
intermediate result size: 2312
intermediate result size: 2312
2312 2312 2312
1,2,
2,3,4,
4,5,
2,
4,
indexing time: 0.0107
1,2,
2,3,4,
4,5,
1,2,3,4,5,
query time: 0.1546
total time usage: 0.1653
time usage: 0.24412
previous answer size: 29122
answer size: 9450 time usage: 0.25237 filter time: 1.02636
===round 1===
join attrs:1,
union attrs:1,2,
using sort-merge join
intermediate result size: 2312
===round 2===
join attrs:2,
union attrs:1,2,3,
intermediate result size: 3270
===round 3===
join attrs:3,
union attrs:1,2,3,4,
intermediate result size: 5678
===round 4===
join attrs:4,
union attrs:1,2,3,4,5,
intermediate result size: 11716
===round 5===
join attrs:5,
union attrs:1,2,3,4,5,
intermediate result size: 29122
intermediate result size: 29122
previous answer size: 29122
ground truth size: 9450 time usage: 0.274608 filter time: 1.02636
size difference: 3327/3327
durability: 12 exp type: dblp-line-k
load tables from /usr/project/xtmp/jygao/DBLP/inproceedings_aggregate_year.txt
total records: 17716758/17716758
load tables from /usr/project/xtmp/jygao/DBLP/inproceedings_aggregate_year.txt
total records: 17716758/17716758
load tables from /usr/project/xtmp/jygao/DBLP/inproceedings_aggregate_year.txt
total records: 17716758/17716758
load tables from /usr/project/xtmp/jygao/DBLP/inproceedings_aggregate_year.txt
total records: 17716758/17716758
load tables from /usr/project/xtmp/jygao/DBLP/inproceedings_aggregate_year.txt
total records: 17716758/17716758
load tables from /usr/project/xtmp/jygao/DBLP/inproceedings_aggregate_year.txt
total records: 17716758/17716758
===round 1===
join attrs:1,
union attrs:1,2,
using sort-merge join
intermediate result size: 5124
intermediate result size: 5124
===round 1===
join attrs:3,
union attrs:2,3,4,
using sort-merge join
intermediate result size: 5124
intermediate result size: 5124
===round 1===
join attrs:5,
union attrs:4,5,
using sort-merge join
intermediate result size: 5124
intermediate result size: 5124
5124 5124 5124
1,2,
2,3,4,
4,5,
2,
4,
indexing time: 0.023566
1,2,
2,3,4,
4,5,
1,2,3,4,5,
query time: 0.927462
total time usage: 0.951028
time usage: 1.1303
previous answer size: 198298
answer size: 122812 time usage: 1.14862 filter time: 1.04911
===round 1===
join attrs:1,
union attrs:1,2,
using sort-merge join
intermediate result size: 5124
===round 2===
join attrs:2,
union attrs:1,2,3,
intermediate result size: 7920
===round 3===
join attrs:3,
union attrs:1,2,3,4,
intermediate result size: 16956
===round 4===
join attrs:4,
union attrs:1,2,3,4,5,
intermediate result size: 50144
===round 5===
join attrs:5,
union attrs:1,2,3,4,5,
intermediate result size: 198298
intermediate result size: 198298
previous answer size: 198298
ground truth size: 122812 time usage: 1.39817 filter time: 1.04911
size difference: 72810/72810
durability: 10 exp type: dblp-line-k
load tables from /usr/project/xtmp/jygao/DBLP/inproceedings_aggregate_year.txt
total records: 17716758/17716758
load tables from /usr/project/xtmp/jygao/DBLP/inproceedings_aggregate_year.txt
total records: 17716758/17716758
load tables from /usr/project/xtmp/jygao/DBLP/inproceedings_aggregate_year.txt
total records: 17716758/17716758
load tables from /usr/project/xtmp/jygao/DBLP/inproceedings_aggregate_year.txt
total records: 17716758/17716758
load tables from /usr/project/xtmp/jygao/DBLP/inproceedings_aggregate_year.txt
total records: 17716758/17716758
load tables from /usr/project/xtmp/jygao/DBLP/inproceedings_aggregate_year.txt
total records: 17716758/17716758
===round 1===
join attrs:1,
union attrs:1,2,
using sort-merge join
intermediate result size: 12912
intermediate result size: 12912
===round 1===
join attrs:3,
union attrs:2,3,4,
using sort-merge join
intermediate result size: 12912
intermediate result size: 12912
===round 1===
join attrs:5,
union attrs:4,5,
using sort-merge join
intermediate result size: 12912
intermediate result size: 12912
12912 12912 12912
1,2,
2,3,4,
4,5,
2,
4,
indexing time: 0.052127
1,2,
2,3,4,
4,5,
1,2,3,4,5,
query time: 2.56866
total time usage: 2.62078
time usage: 3.04665
previous answer size: 537342
answer size: 306374 time usage: 3.0893 filter time: 1.11843
===round 1===
join attrs:1,
union attrs:1,2,
using sort-merge join
intermediate result size: 12912
===round 2===
join attrs:2,
union attrs:1,2,3,
intermediate result size: 22126
===round 3===
join attrs:3,
union attrs:1,2,3,4,
intermediate result size: 51018
===round 4===
join attrs:4,
union attrs:1,2,3,4,5,
intermediate result size: 146518
===round 5===
join attrs:5,
union attrs:1,2,3,4,5,
intermediate result size: 537342
intermediate result size: 537342
previous answer size: 537342
ground truth size: 306374 time usage: 4.27911 filter time: 1.11843
size difference: 170367/170367
durability: 8 exp type: dblp-line-k
load tables from /usr/project/xtmp/jygao/DBLP/inproceedings_aggregate_year.txt
total records: 17716758/17716758
load tables from /usr/project/xtmp/jygao/DBLP/inproceedings_aggregate_year.txt
total records: 17716758/17716758
load tables from /usr/project/xtmp/jygao/DBLP/inproceedings_aggregate_year.txt
total records: 17716758/17716758
load tables from /usr/project/xtmp/jygao/DBLP/inproceedings_aggregate_year.txt
total records: 17716758/17716758
load tables from /usr/project/xtmp/jygao/DBLP/inproceedings_aggregate_year.txt
total records: 17716758/17716758
load tables from /usr/project/xtmp/jygao/DBLP/inproceedings_aggregate_year.txt
total records: 17716758/17716758
===round 1===
join attrs:1,
union attrs:1,2,
using sort-merge join
intermediate result size: 39432
intermediate result size: 39432
===round 1===
join attrs:3,
union attrs:2,3,4,
using sort-merge join
intermediate result size: 39432
intermediate result size: 39432
===round 1===
join attrs:5,
union attrs:4,5,
using sort-merge join
intermediate result size: 39432
intermediate result size: 39432
39432 39432 39432
1,2,
2,3,4,
4,5,
2,
4,
indexing time: 0.131251
1,2,
2,3,4,
4,5,
1,2,3,4,5,
query time: 99.9233
total time usage: 100.055
time usage: 101.292
previous answer size: 23206282
answer size: 20772194 time usage: 101.41 filter time: 1.21965
===round 1===
join attrs:1,
union attrs:1,2,
using sort-merge join
intermediate result size: 39432
===round 2===
join attrs:2,
union attrs:1,2,3,
intermediate result size: 90170
===round 3===
join attrs:3,
union attrs:1,2,3,4,
intermediate result size: 364268
===round 4===
join attrs:4,
union attrs:1,2,3,4,5,
intermediate result size: 2480732
===round 5===
join attrs:5,
union attrs:1,2,3,4,5,
intermediate result size: 23206282
intermediate result size: 23206282
previous answer size: 23206282
ground truth size: 20772194 time usage: 122.652 filter time: 1.21965
size difference: 17136827/17136827
