durability: 12 exp type: dblp-star-k
load tables from /usr/project/xtmp/jygao/DBLP/inproceedings_aggregate_year.txt
total records: 17716758/17716758
load tables from /usr/project/xtmp/jygao/DBLP/inproceedings_aggregate_year.txt
total records: 17716758/17716758
load tables from /usr/project/xtmp/jygao/DBLP/inproceedings_aggregate_year.txt
total records: 17716758/17716758
load tables from /usr/project/xtmp/jygao/DBLP/inproceedings_aggregate_year.txt
total records: 17716758/17716758
load tables from /usr/project/xtmp/jygao/DBLP/inproceedings_aggregate_year.txt
total records: 17716758/17716758
load tables from /usr/project/xtmp/jygao/DBLP/inproceedings_aggregate_year.txt
total records: 17716758/17716758
load join tree structure from /home/home1/jygao/workspace/DurableJoin/join_tree_6_star_join.dat
30 (0,)
10 (0,1,)
0 (0,1,)
15 (0,2,)
1 (0,2,)
20 (0,3,)
2 (0,3,)
25 (0,4,)
3 (0,4,)
26 (0,5,)
4 (0,5,)
27 (0,6,)
5 (0,6,)
Done. Release memory...23232 23232
enum/output/sorting/update/delete time usage: 0.545942/2.29316/0.300934/0.502335/0.538235
count time usage: 0.003946
join size count: 270444
total time usage: 3.87967
previous answer size: 270444
answer size: 2160 time usage: 4.38688 filter time: 1.46475
===round 1===
join attrs:0,
union attrs:0,1,2,
using sort-merge join
===round 2===
join attrs:0,
union attrs:0,1,2,3,
===round 3===
join attrs:0,
union attrs:0,1,2,3,4,
===round 4===
join attrs:0,
union attrs:0,1,2,3,4,5,
===round 5===
join attrs:0,
union attrs:0,1,2,3,4,5,6,
max intermediate result size: 270444
previous answer size: 270444
ground truth size: 2160 time usage: 2.14288 filter time: 1.46475
size difference: 3/3
durability: 10 exp type: dblp-star-k
load tables from /usr/project/xtmp/jygao/DBLP/inproceedings_aggregate_year.txt
total records: 17716758/17716758
load tables from /usr/project/xtmp/jygao/DBLP/inproceedings_aggregate_year.txt
total records: 17716758/17716758
load tables from /usr/project/xtmp/jygao/DBLP/inproceedings_aggregate_year.txt
total records: 17716758/17716758
load tables from /usr/project/xtmp/jygao/DBLP/inproceedings_aggregate_year.txt
total records: 17716758/17716758
load tables from /usr/project/xtmp/jygao/DBLP/inproceedings_aggregate_year.txt
total records: 17716758/17716758
load tables from /usr/project/xtmp/jygao/DBLP/inproceedings_aggregate_year.txt
total records: 17716758/17716758
load join tree structure from /home/home1/jygao/workspace/DurableJoin/join_tree_6_star_join.dat
30 (0,)
10 (0,1,)
0 (0,1,)
15 (0,2,)
1 (0,2,)
20 (0,3,)
2 (0,3,)
25 (0,4,)
3 (0,4,)
26 (0,5,)
4 (0,5,)
27 (0,6,)
5 (0,6,)
Done. Release memory...52452 52452
enum/output/sorting/update/delete time usage: 1.4759/8.14993/0.7727/1.20119/1.31221
count time usage: 0.009981
join size count: 968952
total time usage: 12.1392
previous answer size: 968952
answer size: 5040 time usage: 13.4306 filter time: 1.53869
===round 1===
join attrs:0,
union attrs:0,1,2,
using sort-merge join
===round 2===
join attrs:0,
union attrs:0,1,2,3,
===round 3===
join attrs:0,
union attrs:0,1,2,3,4,
===round 4===
join attrs:0,
union attrs:0,1,2,3,4,5,
===round 5===
join attrs:0,
union attrs:0,1,2,3,4,5,6,
max intermediate result size: 968952
previous answer size: 968952
ground truth size: 5040 time usage: 7.44272 filter time: 1.53869
size difference: 7/7
durability: 8 exp type: dblp-star-k
load tables from /usr/project/xtmp/jygao/DBLP/inproceedings_aggregate_year.txt
total records: 17716758/17716758
load tables from /usr/project/xtmp/jygao/DBLP/inproceedings_aggregate_year.txt
total records: 17716758/17716758
load tables from /usr/project/xtmp/jygao/DBLP/inproceedings_aggregate_year.txt
total records: 17716758/17716758
load tables from /usr/project/xtmp/jygao/DBLP/inproceedings_aggregate_year.txt
total records: 17716758/17716758
load tables from /usr/project/xtmp/jygao/DBLP/inproceedings_aggregate_year.txt
total records: 17716758/17716758
load tables from /usr/project/xtmp/jygao/DBLP/inproceedings_aggregate_year.txt
total records: 17716758/17716758
load join tree structure from /home/home1/jygao/workspace/DurableJoin/join_tree_6_star_join.dat
30 (0,)
10 (0,1,)
0 (0,1,)
15 (0,2,)
1 (0,2,)
20 (0,3,)
2 (0,3,)
25 (0,4,)
3 (0,4,)
26 (0,5,)
4 (0,5,)
27 (0,6,)
5 (0,6,)
Done. Release memory...134100 134100
enum/output/sorting/update/delete time usage: 4.51753/178.59/2.16992/3.1615/3.59235
count time usage: 0.031312
join size count: 27148272
total time usage: 189.861
previous answer size: 27148272
answer size: 4107600 time usage: 193.471 filter time: 1.70793
===round 1===
join attrs:0,
union attrs:0,1,2,
using sort-merge join
===round 2===
join attrs:0,
union attrs:0,1,2,3,
===round 3===
join attrs:0,
union attrs:0,1,2,3,4,
===round 4===
join attrs:0,
union attrs:0,1,2,3,4,5,
===round 5===
join attrs:0,
union attrs:0,1,2,3,4,5,6,
max intermediate result size: 27148272
previous answer size: 27148272
ground truth size: 4107600 time usage: 168.478 filter time: 1.70793
size difference: 5705/5705
durability: 6 exp type: dblp-star-k
load tables from /usr/project/xtmp/jygao/DBLP/inproceedings_aggregate_year.txt
total records: 17716758/17716758
load tables from /usr/project/xtmp/jygao/DBLP/inproceedings_aggregate_year.txt
total records: 17716758/17716758
load tables from /usr/project/xtmp/jygao/DBLP/inproceedings_aggregate_year.txt
total records: 17716758/17716758
load tables from /usr/project/xtmp/jygao/DBLP/inproceedings_aggregate_year.txt
total records: 17716758/17716758
load tables from /usr/project/xtmp/jygao/DBLP/inproceedings_aggregate_year.txt
total records: 17716758/17716758
load tables from /usr/project/xtmp/jygao/DBLP/inproceedings_aggregate_year.txt
total records: 17716758/17716758
load join tree structure from /home/home1/jygao/workspace/DurableJoin/join_tree_6_star_join.dat
30 (0,)
10 (0,1,)
0 (0,1,)
15 (0,2,)
1 (0,2,)
20 (0,3,)
2 (0,3,)
25 (0,4,)
3 (0,4,)
26 (0,5,)
4 (0,5,)
27 (0,6,)
5 (0,6,)
Killed
slurmstepd-linux2: error: Step 801922.4294967294 hit memory limit at least once during execution. This may or may not result in some failure.
